<?xml version="1.0" encoding="UTF-8"?>
<robot generator="Robot 7.0 (Python 3.11.1 on win32)" generated="2024-04-04T20:34:35.135434" rpa="false" schemaversion="5">
<suite id="s1" name="Teste1" source="c:\Users\m.igor\Desktop\temp robot\treino-robot-1\teste1.robot">
<test id="s1-t1" name="Abrir navegador" line="7">
<kw name="Open Browser" owner="SeleniumLibrary">
<msg time="2024-04-04T20:34:35.301690" level="INFO">Opening browser 'Chrome' to base url 'https://www.google.com'.</msg>
<arg>https://www.google.com</arg>
<arg>Chrome</arg>
<doc>Opens a new browser instance to the optional ``url``.</doc>
<status status="PASS" start="2024-04-04T20:34:35.301690" elapsed="2.814427"/>
</kw>
<status status="PASS" start="2024-04-04T20:34:35.300693" elapsed="2.815424"/>
</test>
<status status="PASS" start="2024-04-04T20:34:35.138427" elapsed="2.978687"/>
</suite>
<statistics>
<total>
<stat pass="1" fail="0" skip="0">All Tests</stat>
</total>
<tag>
</tag>
<suite>
<stat pass="1" fail="0" skip="0" id="s1" name="Teste1">Teste1</stat>
</suite>
</statistics>
<errors>
</errors>
</robot>
